<?xml version="1.0" encoding="UTF-8"?>
<!-- Generated by org.testng.reporters.JUnitXMLReporter -->
<testsuite hostname="LAPTOP-QMQ0VG44" ignored="0" name="Test" tests="1" failures="0" timestamp="29 Mar 2021 11:01:13 GMT" time="0.143" errors="0">
  <testcase name="@BeforeMethod setUp" time="0.096" classname="com.TestCases.BaseClass">
    <failure type="java.lang.NoClassDefFoundError" message="org/openqa/selenium/remote/SessionNotFoundException">
      <![CDATA[java.lang.NoClassDefFoundError: org/openqa/selenium/remote/SessionNotFoundException
at com.TestCases.BaseClass.setUp(BaseClass.java:42)
at java.util.concurrent.ThreadPoolExecutor.runWorker(ThreadPoolExecutor.java:1149)
at java.util.concurrent.ThreadPoolExecutor$Worker.run(ThreadPoolExecutor.java:624)
at java.lang.Thread.run(Thread.java:748)
Caused by: java.lang.ClassNotFoundException: org.openqa.selenium.remote.SessionNotFoundException
at java.net.URLClassLoader.findClass(URLClassLoader.java:381)
at java.lang.ClassLoader.loadClass(ClassLoader.java:424)
at sun.misc.Launcher$AppClassLoader.loadClass(Launcher.java:349)
at java.lang.ClassLoader.loadClass(ClassLoader.java:357)
... 17 more
... Removed 13 stack frames]]>
    </failure>
  </testcase> <!-- @BeforeMethod setUp -->
  <testcase name="@AfterMethod tearDown" time="0.0" classname="com.TestCases.BaseClass">
    <skipped/>
  </testcase> <!-- @AfterMethod tearDown -->
  <testcase name="Login" time="0.0" classname="com.TestCases.TC_Login">
    <skipped/>
  </testcase> <!-- Login -->
</testsuite> <!-- Test -->
